<?xml version="1.0" encoding="UTF-8"?>
<!-- Generated by org.testng.reporters.JUnitXMLReporter -->
<testsuite ignored="0" hostname="MSI" failures="0" tests="4" name="Default test" time="12.716" errors="0" timestamp="2024-10-11T22:18:46 IST">
  <testcase classname="apitestcase.ApiPractice" name="createplace" time="3.987"/>
  <testcase classname="apitestcase.ApiPractice" name="updateplaceData" time="2.027"/>
  <testcase classname="apitestcase.ApiPractice" name="getplaceid" time="4.766"/>
  <testcase classname="apitestcase.ApiPractice" name="deleteplaceid" time="1.885"/>
</testsuite> <!-- Default test -->
