<?xml version="1.0" encoding="UTF-8"?>
<!-- Generated by org.testng.reporters.JUnitXMLReporter -->
<testsuite ignored="0" hostname="MSI" failures="1" tests="14" name="TTM" time="42.985" errors="0" timestamp="2024-09-26T22:21:26 IST">
  <testcase classname="apitestcase.CreatePlace" name="createNewPlaceGoggle" time="3.796"/>
  <testcase classname="apitestcase.Renumanaul" name="createplace" time="6.479"/>
  <testcase classname="apitestcase.Postreq" name="Postreq" time="0.606"/>
  <testcase classname="apitestcase.Postreq" name="getdata" time="1.635">
    <failure type="java.lang.AssertionError" message="1 expectation failed.
Expected status code &amp;lt;200&amp;gt; but was &amp;lt;404&amp;gt;.
">
      <![CDATA[java.lang.AssertionError: 1 expectation failed.
Expected status code <200> but was <404>.

at org.codehaus.groovy.runtime.callsite.ConstructorSite$ConstructorSiteNoUnwrapNoCoerce.callConstructor(ConstructorSite.java:108)
at org.codehaus.groovy.runtime.callsite.CallSiteArray.defaultCallConstructor(CallSiteArray.java:57)
at org.codehaus.groovy.runtime.callsite.AbstractCallSite.callConstructor(AbstractCallSite.java:263)
at org.codehaus.groovy.runtime.callsite.AbstractCallSite.callConstructor(AbstractCallSite.java:277)
at io.restassured.internal.ResponseSpecificationImpl$HamcrestAssertionClosure.validate(ResponseSpecificationImpl.groovy:512)
at io.restassured.internal.ResponseSpecificationImpl$HamcrestAssertionClosure$validate$1.call(Unknown Source)
at io.restassured.internal.ResponseSpecificationImpl.validateResponseIfRequired(ResponseSpecificationImpl.groovy:696)
at io.restassured.internal.ResponseSpecificationImpl.this$2$validateResponseIfRequired(ResponseSpecificationImpl.groovy)
at org.codehaus.groovy.runtime.callsite.PlainObjectMetaMethodSite.doInvoke(PlainObjectMetaMethodSite.java:43)
at org.codehaus.groovy.runtime.callsite.PogoMetaMethodSite$PogoCachedMethodSiteNoUnwrapNoCoerce.invoke(PogoMetaMethodSite.java:198)
at org.codehaus.groovy.runtime.callsite.PogoMetaMethodSite.callCurrent(PogoMetaMethodSite.java:62)
at org.codehaus.groovy.runtime.callsite.AbstractCallSite.callCurrent(AbstractCallSite.java:185)
at io.restassured.internal.ResponseSpecificationImpl.statusCode(ResponseSpecificationImpl.groovy:135)
at io.restassured.specification.ResponseSpecification$statusCode$0.callCurrent(Unknown Source)
at io.restassured.internal.ResponseSpecificationImpl.statusCode(ResponseSpecificationImpl.groovy:143)
at io.restassured.internal.ValidatableResponseOptionsImpl.statusCode(ValidatableResponseOptionsImpl.java:89)
at apitestcase.Postreq.getdata(Postreq.java:46)
at java.base/java.util.ArrayList.forEach(ArrayList.java:1511)
... Removed 37 stack frames]]>
    </failure>
  </testcase> <!-- getdata -->
  <testcase classname="apitestcase.ApiPractice" name="createplace" time="1.603"/>
  <testcase classname="apitestcase.ApiPractice" name="updateplaceData" time="1.955"/>
  <testcase classname="apitestcase.ApiPractice" name="getplaceid" time="3.104"/>
  <testcase classname="apitestcase.ApiPractice" name="deleteplaceid" time="3.98"/>
  <testcase classname="apitestcase.Reqres" name="createdata" time="7.709"/>
  <testcase classname="apitestcase.Reqres" name="createdata" time="1.561"/>
  <testcase classname="apitestcase.Reqres" name="createdata" time="2.296"/>
  <testcase classname="apitestcase.Reqres" name="updatedata" time="2.294"/>
  <testcase classname="apitestcase.Reqres" name="Deletedata" time="3.749"/>
  <testcase classname="apitestcase.Reqres" name="Retrivedata" time="2.155"/>
</testsuite> <!-- TTM -->
